<?xml version="1.0" encoding="UTF-8"?>
<coverage generated="1472681083">
  <project timestamp="1472681083">
    <package name="DRKP\ZF3Doctrine">
      <file name="/home/kpicaza/server/zf3-doctrine/packages/drkp/doctrine-metadata-configuration-factory/src/DRKP/ZF3Doctrine/MetadataConfigurationFactory.php">
        <class name="MetadataConfigurationFactory" namespace="DRKP\ZF3Doctrine">
          <metrics complexity="10" methods="2" coveredmethods="2" conditionals="0" coveredconditionals="0" statements="31" coveredstatements="31" elements="33" coveredelements="33"/>
        </class>
        <line num="47" type="method" name="__construct" visibility="public" complexity="6" crap="6" count="6"/>
        <line num="49" type="stmt" count="6"/>
        <line num="51" type="stmt" count="6"/>
        <line num="52" type="stmt" count="5"/>
        <line num="53" type="stmt" count="5"/>
        <line num="54" type="stmt" count="6"/>
        <line num="55" type="stmt" count="1"/>
        <line num="56" type="stmt" count="1"/>
        <line num="57" type="stmt" count="1"/>
        <line num="59" type="stmt" count="5"/>
        <line num="61" type="stmt" count="5"/>
        <line num="63" type="stmt" count="5"/>
        <line num="64" type="stmt" count="1"/>
        <line num="65" type="stmt" count="1"/>
        <line num="66" type="stmt" count="1"/>
        <line num="69" type="stmt" count="4"/>
        <line num="70" type="stmt" count="4"/>
        <line num="71" type="stmt" count="4"/>
        <line num="76" type="method" name="make" visibility="public" complexity="4" crap="4" count="4"/>
        <line num="78" type="stmt" count="4"/>
        <line num="79" type="stmt" count="4"/>
        <line num="80" type="stmt" count="4"/>
        <line num="81" type="stmt" count="4"/>
        <line num="83" type="stmt" count="4"/>
        <line num="85" type="stmt" count="4"/>
        <line num="86" type="stmt" count="4"/>
        <line num="87" type="stmt" count="1"/>
        <line num="89" type="stmt" count="4"/>
        <line num="90" type="stmt" count="4"/>
        <line num="92" type="stmt" count="4"/>
        <line num="93" type="stmt" count="4"/>
        <line num="94" type="stmt" count="4"/>
        <line num="95" type="stmt" count="4"/>
        <metrics loc="98" ncloc="75" classes="1" methods="2" coveredmethods="2" conditionals="0" coveredconditionals="0" statements="31" coveredstatements="31" elements="33" coveredelements="33"/>
      </file>
    </package>
    <metrics files="1" loc="98" ncloc="75" classes="1" methods="2" coveredmethods="2" conditionals="0" coveredconditionals="0" statements="31" coveredstatements="31" elements="33" coveredelements="33"/>
  </project>
</coverage>
